app/build/intermediates/manifest_merge_blame_file/debug/manifest-merger-blame-debug-report.txt
1<?xml version="1.0" encoding="utf-8"?>
2<manifest xmlns:android="http://schemas.android.com/apk/res/android"
3    package="com.example.vishistvarugeese.memory"
4    android:versionCode="1"
5    android:versionName="1.0" >
6
7    <uses-sdk
8        android:minSdkVersion="22"
8-->src/main/AndroidManifest.xml
9        android:targetSdkVersion="27" />
9-->src/main/AndroidManifest.xml
10
11    <uses-permission android:name="android.permission.READ_EXTERNAL_STORAGE" />
11-->src/main/AndroidManifest.xml:6:5-80
11-->src/main/AndroidManifest.xml:6:22-77
12    <uses-permission android:name="android.permission.WRITE_EXTERNAL_STORAGE" />
12-->src/main/AndroidManifest.xml:7:5-81
12-->src/main/AndroidManifest.xml:7:22-78
13    <uses-permission android:name="android.permission.CALL_PHONE" />
13-->src/main/AndroidManifest.xml:8:5-69
13-->src/main/AndroidManifest.xml:8:22-66
14    <uses-permission android:name="android.permission.INTERNET" />
14-->src/main/AndroidManifest.xml:9:5-67
14-->src/main/AndroidManifest.xml:9:22-64
15    <uses-permission android:name="android.permission.CAMERA" />
15-->src/main/AndroidManifest.xml:10:5-65
15-->src/main/AndroidManifest.xml:10:22-62
16
17    <uses-feature android:name="android.hardware.camera" />
17-->src/main/AndroidManifest.xml:11:5-60
17-->src/main/AndroidManifest.xml:11:19-57
18    <uses-feature
18-->src/main/AndroidManifest.xml:13:5-15:35
19        android:name="android.hardware.camera.any"
19-->src/main/AndroidManifest.xml:14:9-51
20        android:required="true" />
20-->src/main/AndroidManifest.xml:15:9-32
21    <uses-feature
21-->src/main/AndroidManifest.xml:16:5-18:36
22        android:name="android.hardware.camera.autofocus"
22-->src/main/AndroidManifest.xml:17:9-57
23        android:required="false" />
23-->src/main/AndroidManifest.xml:18:9-33
24
25    <application
25-->src/main/AndroidManifest.xml:20:5-59:19
26        android:allowBackup="true"
26-->src/main/AndroidManifest.xml:21:9-35
27        android:debuggable="true"
28        android:icon="@mipmap/ic_launcher"
28-->src/main/AndroidManifest.xml:22:9-43
29        android:label="@string/app_name"
29-->src/main/AndroidManifest.xml:23:9-41
30        android:largeHeap="true"
30-->src/main/AndroidManifest.xml:24:9-33
31        android:roundIcon="@mipmap/ic_launcher_round"
31-->src/main/AndroidManifest.xml:25:9-54
32        android:supportsRtl="true"
32-->src/main/AndroidManifest.xml:26:9-35
33        android:testOnly="true"
34        android:theme="@style/AppTheme" >
34-->src/main/AndroidManifest.xml:27:9-40
35        <activity android:name="com.example.vishistvarugeese.memory.notes.NotesActivity" >
35-->src/main/AndroidManifest.xml:29:9-31:20
35-->src/main/AndroidManifest.xml:29:19-54
36        </activity>
37        <activity android:name="com.example.vishistvarugeese.memory.dashboard.DashboardActivity" >
37-->src/main/AndroidManifest.xml:32:9-34:20
37-->src/main/AndroidManifest.xml:32:19-62
38        </activity>
39        <activity android:name="com.example.vishistvarugeese.memory.profile.ProfileActivity" />
39-->src/main/AndroidManifest.xml:35:9-61
39-->src/main/AndroidManifest.xml:35:19-58
40        <activity android:name="com.example.vishistvarugeese.memory.profile.DetailsActivity" />
40-->src/main/AndroidManifest.xml:36:9-61
40-->src/main/AndroidManifest.xml:36:19-58
41        <activity android:name="com.example.vishistvarugeese.memory.contacts.EmergencyContactActivity" />
41-->src/main/AndroidManifest.xml:37:9-71
41-->src/main/AndroidManifest.xml:37:19-68
42        <activity android:name="com.example.vishistvarugeese.memory.contacts.EditAddContactActivity" />
42-->src/main/AndroidManifest.xml:38:9-69
42-->src/main/AndroidManifest.xml:38:19-66
43        <activity android:name="com.example.vishistvarugeese.memory.faceRecognition.FaceRecognitionActivity" />
43-->src/main/AndroidManifest.xml:39:9-77
43-->src/main/AndroidManifest.xml:39:19-74
44
45        <provider
45-->src/main/AndroidManifest.xml:41:9-49:20
46            android:name="android.support.v4.content.FileProvider"
46-->src/main/AndroidManifest.xml:42:13-67
47            android:authorities="com.example.vishistvarugeese.memory.fileprovider"
47-->src/main/AndroidManifest.xml:43:13-83
48            android:exported="false"
48-->src/main/AndroidManifest.xml:44:13-37
49            android:grantUriPermissions="true" >
49-->src/main/AndroidManifest.xml:45:13-47
50            <meta-data
50-->src/main/AndroidManifest.xml:46:13-48:54
51                android:name="android.support.FILE_PROVIDER_PATHS"
51-->src/main/AndroidManifest.xml:47:17-67
52                android:resource="@xml/file_paths" />
52-->src/main/AndroidManifest.xml:48:17-51
53        </provider>
54
55        <activity android:name="com.example.vishistvarugeese.memory.dashboard.SplashActivity" >
55-->src/main/AndroidManifest.xml:51:9-57:20
55-->src/main/AndroidManifest.xml:51:19-59
56            <intent-filter>
56-->src/main/AndroidManifest.xml:52:13-56:29
57                <action android:name="android.intent.action.MAIN" />
57-->src/main/AndroidManifest.xml:53:17-69
57-->src/main/AndroidManifest.xml:53:25-66
58
59                <category android:name="android.intent.category.LAUNCHER" />
59-->src/main/AndroidManifest.xml:55:17-77
59-->src/main/AndroidManifest.xml:55:27-74
60            </intent-filter>
61        </activity>
62        <activity android:name="com.example.vishistvarugeese.memory.dashboard.IntroSliderActivity" />
62-->src/main/AndroidManifest.xml:58:9-67
62-->src/main/AndroidManifest.xml:58:19-64
63    </application>
64
65</manifest>